<?xml version="1.0" encoding="UTF-8"?>
<!-- Generated by org.testng.reporters.JUnitXMLReporter -->
<testsuite ignored="0" hostname="Yasin" failures="0" tests="4" name="Test" time="18.552" errors="0" timestamp="2023-12-22T16:46:33 IST">
  <testcase classname="testcases.LoginTestCase" name="Login" time="0.785"/>
  <testcase classname="testcases.test2" name="testtwo" time="4.914"/>
  <testcase classname="testcases.test4" name="testfour" time="4.923"/>
  <testcase classname="testcases.test3" name="testthree" time="4.921"/>
</testsuite> <!-- Test -->
